<?xml version="1.0" encoding="UTF-8"?>
<!-- Generated by org.testng.reporters.JUnitReportReporter -->
<testsuite skipped="0" hostname="RIYAZ-PC" name="extentReport.ExtentReportWithScreenShot" tests="1" failures="0" timestamp="05 Jan 2019 19:53:24 GMT" time="31.711" errors="0">
  <testcase name="testcase2" time="31.711" classname="extentReport.ExtentReportWithScreenShot"/>
</testsuite> <!-- extentReport.ExtentReportWithScreenShot -->
