<?xml version="1.0" encoding="UTF-8"?>
<!-- Generated by org.testng.reporters.JUnitReportReporter -->
<testsuite skipped="0" hostname="RIYAZ-PC" name="extentReport.ExtentReportWithScreenShot" tests="1" failures="0" timestamp="05 Jan 2019 20:27:59 GMT" time="29.733" errors="0">
  <testcase name="testcase" time="29.733" classname="extentReport.ExtentReportWithScreenShot"/>
</testsuite> <!-- extentReport.ExtentReportWithScreenShot -->
