<?xml version="1.0" encoding="UTF-8"?>
<!-- Generated by org.testng.reporters.JUnitReportReporter -->
<testsuite skipped="0" hostname="RIYAZ-PC" name="extentReport.ExtentReport" tests="4" failures="0" timestamp="05 Jan 2019 18:48:55 GMT" time="0.953" errors="0">
  <testcase name="extentFail" time="0.469" classname="extentReport.ExtentReport"/>
  <testcase name="extentPass" time="0.109" classname="extentReport.ExtentReport"/>
  <testcase name="extentWarning" time="0.235" classname="extentReport.ExtentReport"/>
  <testcase name="extentSkip" time="0.140" classname="extentReport.ExtentReport"/>
</testsuite> <!-- extentReport.ExtentReport -->
